{"C:\\Users\\carro\\pizzaria-agendamento\\src\\controllers\\clienteController.js": {"path":"C:\\Users\\carro\\pizzaria-agendamento\\src\\controllers\\clienteController.js","statementMap":{"0":{"start":{"line":1,"column":21},"end":{"line":1,"column":54}},"1":{"start":{"line":3,"column":26},"end":{"line":32,"column":1}},"2":{"start":{"line":5,"column":8},"end":{"line":11,"column":9}},"3":{"start":{"line":6,"column":39},"end":{"line":6,"column":54}},"4":{"start":{"line":7,"column":32},"end":{"line":7,"column":72}},"5":{"start":{"line":8,"column":12},"end":{"line":8,"column":51}},"6":{"start":{"line":10,"column":12},"end":{"line":10,"column":62}},"7":{"start":{"line":15,"column":8},"end":{"line":20,"column":9}},"8":{"start":{"line":16,"column":29},"end":{"line":16,"column":56}},"9":{"start":{"line":17,"column":12},"end":{"line":17,"column":36}},"10":{"start":{"line":19,"column":12},"end":{"line":19,"column":62}},"11":{"start":{"line":24,"column":8},"end":{"line":30,"column":9}},"12":{"start":{"line":25,"column":27},"end":{"line":25,"column":44}},"13":{"start":{"line":26,"column":30},"end":{"line":26,"column":60}},"14":{"start":{"line":27,"column":12},"end":{"line":27,"column":37}},"15":{"start":{"line":29,"column":12},"end":{"line":29,"column":62}},"16":{"start":{"line":34,"column":0},"end":{"line":34,"column":35}}},"fnMap":{"0":{"name":"(anonymous_0)","decl":{"start":{"line":4,"column":11},"end":{"line":4,"column":12}},"loc":{"start":{"line":4,"column":43},"end":{"line":12,"column":5}},"line":4},"1":{"name":"(anonymous_1)","decl":{"start":{"line":14,"column":12},"end":{"line":14,"column":13}},"loc":{"start":{"line":14,"column":44},"end":{"line":21,"column":5}},"line":14},"2":{"name":"(anonymous_2)","decl":{"start":{"line":23,"column":13},"end":{"line":23,"column":14}},"loc":{"start":{"line":23,"column":45},"end":{"line":31,"column":5}},"line":23}},"branchMap":{},"s":{"0":1,"1":1,"2":2,"3":2,"4":2,"5":1,"6":1,"7":3,"8":3,"9":2,"10":1,"11":2,"12":2,"13":2,"14":1,"15":1,"16":1},"f":{"0":2,"1":3,"2":2},"b":{},"_coverageSchema":"1a1c01bbd47fc00a2c39e90264f33305004495a9","hash":"243b5be145f0c5d0de814fcfe7590986f0c4902e"}
,"C:\\Users\\carro\\pizzaria-agendamento\\src\\controllers\\pedidoController.js": {"path":"C:\\Users\\carro\\pizzaria-agendamento\\src\\controllers\\pedidoController.js","statementMap":{"0":{"start":{"line":1,"column":20},"end":{"line":1,"column":52}},"1":{"start":{"line":3,"column":25},"end":{"line":34,"column":1}},"2":{"start":{"line":5,"column":8},"end":{"line":11,"column":9}},"3":{"start":{"line":6,"column":69},"end":{"line":6,"column":84}},"4":{"start":{"line":7,"column":31},"end":{"line":7,"column":100}},"5":{"start":{"line":8,"column":12},"end":{"line":8,"column":50}},"6":{"start":{"line":10,"column":12},"end":{"line":10,"column":62}},"7":{"start":{"line":16,"column":8},"end":{"line":21,"column":9}},"8":{"start":{"line":17,"column":28},"end":{"line":17,"column":54}},"9":{"start":{"line":18,"column":12},"end":{"line":18,"column":35}},"10":{"start":{"line":20,"column":12},"end":{"line":20,"column":62}},"11":{"start":{"line":26,"column":8},"end":{"line":32,"column":9}},"12":{"start":{"line":27,"column":27},"end":{"line":27,"column":44}},"13":{"start":{"line":28,"column":36},"end":{"line":28,"column":66}},"14":{"start":{"line":29,"column":12},"end":{"line":29,"column":85}},"15":{"start":{"line":31,"column":12},"end":{"line":31,"column":62}},"16":{"start":{"line":36,"column":0},"end":{"line":36,"column":34}}},"fnMap":{"0":{"name":"(anonymous_0)","decl":{"start":{"line":4,"column":11},"end":{"line":4,"column":12}},"loc":{"start":{"line":4,"column":43},"end":{"line":12,"column":5}},"line":4},"1":{"name":"(anonymous_1)","decl":{"start":{"line":15,"column":12},"end":{"line":15,"column":13}},"loc":{"start":{"line":15,"column":44},"end":{"line":22,"column":5}},"line":15},"2":{"name":"(anonymous_2)","decl":{"start":{"line":25,"column":14},"end":{"line":25,"column":15}},"loc":{"start":{"line":25,"column":46},"end":{"line":33,"column":5}},"line":25}},"branchMap":{},"s":{"0":1,"1":1,"2":2,"3":2,"4":2,"5":1,"6":1,"7":2,"8":2,"9":1,"10":1,"11":2,"12":2,"13":2,"14":1,"15":1,"16":1},"f":{"0":2,"1":2,"2":2},"b":{},"_coverageSchema":"1a1c01bbd47fc00a2c39e90264f33305004495a9","hash":"46e75eebdd0dd558e36fa56d94e54698a5550beb"}
,"C:\\Users\\carro\\pizzaria-agendamento\\src\\models\\clienteModel.js": {"path":"C:\\Users\\carro\\pizzaria-agendamento\\src\\models\\clienteModel.js","statementMap":{"0":{"start":{"line":1,"column":16},"end":{"line":1,"column":47}},"1":{"start":{"line":3,"column":21},"end":{"line":21,"column":1}},"2":{"start":{"line":5,"column":26},"end":{"line":8,"column":9}},"3":{"start":{"line":9,"column":8},"end":{"line":9,"column":33}},"4":{"start":{"line":13,"column":26},"end":{"line":13,"column":83}},"5":{"start":{"line":14,"column":8},"end":{"line":14,"column":30}},"6":{"start":{"line":18,"column":8},"end":{"line":18,"column":72}},"7":{"start":{"line":19,"column":8},"end":{"line":19,"column":60}},"8":{"start":{"line":23,"column":0},"end":{"line":23,"column":30}}},"fnMap":{"0":{"name":"(anonymous_0)","decl":{"start":{"line":4,"column":11},"end":{"line":4,"column":12}},"loc":{"start":{"line":4,"column":37},"end":{"line":10,"column":5}},"line":4},"1":{"name":"(anonymous_1)","decl":{"start":{"line":12,"column":12},"end":{"line":12,"column":13}},"loc":{"start":{"line":12,"column":24},"end":{"line":15,"column":5}},"line":12},"2":{"name":"(anonymous_2)","decl":{"start":{"line":17,"column":13},"end":{"line":17,"column":14}},"loc":{"start":{"line":17,"column":27},"end":{"line":20,"column":5}},"line":17}},"branchMap":{},"s":{"0":1,"1":1,"2":0,"3":0,"4":0,"5":0,"6":0,"7":0,"8":1},"f":{"0":0,"1":0,"2":0},"b":{},"_coverageSchema":"1a1c01bbd47fc00a2c39e90264f33305004495a9","hash":"2106af4512ad5adcda8ec6a86d82b10c03904885"}
,"C:\\Users\\carro\\pizzaria-agendamento\\src\\models\\pedidoModel.js": {"path":"C:\\Users\\carro\\pizzaria-agendamento\\src\\models\\pedidoModel.js","statementMap":{"0":{"start":{"line":1,"column":16},"end":{"line":1,"column":47}},"1":{"start":{"line":3,"column":20},"end":{"line":34,"column":1}},"2":{"start":{"line":7,"column":26},"end":{"line":11,"column":9}},"3":{"start":{"line":12,"column":8},"end":{"line":12,"column":33}},"4":{"start":{"line":17,"column":26},"end":{"line":22,"column":9}},"5":{"start":{"line":23,"column":8},"end":{"line":23,"column":30}},"6":{"start":{"line":28,"column":26},"end":{"line":31,"column":9}},"7":{"start":{"line":32,"column":8},"end":{"line":32,"column":33}},"8":{"start":{"line":36,"column":0},"end":{"line":36,"column":29}}},"fnMap":{"0":{"name":"(anonymous_0)","decl":{"start":{"line":6,"column":11},"end":{"line":6,"column":12}},"loc":{"start":{"line":6,"column":67},"end":{"line":13,"column":5}},"line":6},"1":{"name":"(anonymous_1)","decl":{"start":{"line":16,"column":12},"end":{"line":16,"column":13}},"loc":{"start":{"line":16,"column":24},"end":{"line":24,"column":5}},"line":16},"2":{"name":"(anonymous_2)","decl":{"start":{"line":27,"column":14},"end":{"line":27,"column":15}},"loc":{"start":{"line":27,"column":28},"end":{"line":33,"column":5}},"line":27}},"branchMap":{},"s":{"0":1,"1":1,"2":0,"3":0,"4":0,"5":0,"6":0,"7":0,"8":1},"f":{"0":0,"1":0,"2":0},"b":{},"_coverageSchema":"1a1c01bbd47fc00a2c39e90264f33305004495a9","hash":"4e4b0f3e27496a73c2e67765f64a496b3783fec8"}
}
