TN:
SF:src\controllers\clienteController.js
FN:4,(anonymous_0)
FN:14,(anonymous_1)
FN:23,(anonymous_2)
FNF:3
FNH:3
FNDA:2,(anonymous_0)
FNDA:3,(anonymous_1)
FNDA:2,(anonymous_2)
DA:1,1
DA:3,1
DA:5,2
DA:6,2
DA:7,2
DA:8,1
DA:10,1
DA:15,3
DA:16,3
DA:17,2
DA:19,1
DA:24,2
DA:25,2
DA:26,2
DA:27,1
DA:29,1
DA:34,1
LF:17
LH:17
BRF:0
BRH:0
end_of_record
TN:
SF:src\controllers\pedidoController.js
FN:4,(anonymous_0)
FN:15,(anonymous_1)
FN:25,(anonymous_2)
FNF:3
FNH:3
FNDA:2,(anonymous_0)
FNDA:2,(anonymous_1)
FNDA:2,(anonymous_2)
DA:1,1
DA:3,1
DA:5,2
DA:6,2
DA:7,2
DA:8,1
DA:10,1
DA:16,2
DA:17,2
DA:18,1
DA:20,1
DA:26,2
DA:27,2
DA:28,2
DA:29,1
DA:31,1
DA:36,1
LF:17
LH:17
BRF:0
BRH:0
end_of_record
TN:
SF:src\models\clienteModel.js
FN:4,(anonymous_0)
FN:12,(anonymous_1)
FN:17,(anonymous_2)
FNF:3
FNH:0
FNDA:0,(anonymous_0)
FNDA:0,(anonymous_1)
FNDA:0,(anonymous_2)
DA:1,1
DA:3,1
DA:5,0
DA:9,0
DA:13,0
DA:14,0
DA:18,0
DA:19,0
DA:23,1
LF:9
LH:3
BRF:0
BRH:0
end_of_record
TN:
SF:src\models\pedidoModel.js
FN:6,(anonymous_0)
FN:16,(anonymous_1)
FN:27,(anonymous_2)
FNF:3
FNH:0
FNDA:0,(anonymous_0)
FNDA:0,(anonymous_1)
FNDA:0,(anonymous_2)
DA:1,1
DA:3,1
DA:7,0
DA:12,0
DA:17,0
DA:23,0
DA:28,0
DA:32,0
DA:36,1
LF:9
LH:3
BRF:0
BRH:0
end_of_record
